#
# There is insufficient memory for the Java Runtime Environment to continue.
# Native memory allocation (malloc) failed to allocate 1048576 bytes for AllocateHeap
# Possible reasons:
#   The system is out of physical RAM or swap space
#   The process is running with CompressedOops enabled, and the Java Heap may be blocking the growth of the native heap
# Possible solutions:
#   Reduce memory load on the system
#   Increase physical memory or swap space
#   Check if swap backing store is full
#   Decrease Java heap size (-Xmx/-Xms)
#   Decrease number of Java threads
#   Decrease Java thread stack sizes (-Xss)
#   Set larger code cache with -XX:ReservedCodeCacheSize=
#   JVM is running with Unscaled Compressed Oops mode in which the Java heap is
#     placed in the first 4GB address space. The Java Heap base address is the
#     maximum limit for the native heap growth. Please use -XX:HeapBaseMinAddress
#     to set the Java Heap base and to place the Java Heap above 4GB virtual address.
# This output file may be truncated or incomplete.
#
#  Out of Memory Error (./open/src/hotspot/share/memory/allocation.cpp:46), pid=20916, tid=10744
#
# JRE version:  (11.0.9+7) (build )
# Java VM: Java HotSpot(TM) 64-Bit Server VM (11.0.9+7-LTS, mixed mode, sharing, tiered, compressed oops, g1 gc, windows-amd64)
# No core dump will be written. Minidumps are not enabled by default on client versions of Windows
#

---------------  S U M M A R Y ------------

Command Line: -Dmaven.multiModuleProjectDirectory=C:\NewWorkSpace\LnWAssessment -Djansi.passthrough=true -Dmaven.home=C:\Program Files\JetBrains\IntelliJ IDEA Community Edition 2023.2.1\plugins\maven\lib\maven3 -Dclassworlds.conf=C:\Program Files\JetBrains\IntelliJ IDEA Community Edition 2023.2.1\plugins\maven\lib\maven3\bin\m2.conf -Dmaven.ext.class.path=C:\Program Files\JetBrains\IntelliJ IDEA Community Edition 2023.2.1\plugins\maven\lib\maven-event-listener.jar -javaagent:C:\Program Files\JetBrains\IntelliJ IDEA Community Edition 2023.2.1\lib\idea_rt.jar=52089:C:\Program Files\JetBrains\IntelliJ IDEA Community Edition 2023.2.1\bin -Dfile.encoding=UTF-8 org.codehaus.classworlds.Launcher -Didea.version=2023.2.1 install

Host: 11th Gen Intel(R) Core(TM) i7-1185G7 @ 3.00GHz, 8 cores, 15G,  Windows 10 , 64 bit Build 19041 (10.0.19041.3636)
Time: Tue Mar 12 11:08:46 2024 India Standard Time elapsed time: 0.033342 seconds (0d 0h 0m 0s)

---------------  T H R E A D  ---------------

Current thread (0x000002237fcca800):  JavaThread "Unknown thread" [_thread_in_vm, id=10744, stack(0x000000d2a2000000,0x000000d2a2100000)]

Stack: [0x000000d2a2000000,0x000000d2a2100000]
Native frames: (J=compiled Java code, j=interpreted, Vv=VM code, C=native code)
V  [jvm.dll+0x611a3a]
V  [jvm.dll+0x748aaf]
V  [jvm.dll+0x74a135]
V  [jvm.dll+0x74a7b3]
V  [jvm.dll+0x2439f8]
V  [jvm.dll+0xb0f14]
V  [jvm.dll+0x2d1993]
V  [jvm.dll+0x724917]
V  [jvm.dll+0x7261cf]
V  [jvm.dll+0x34af59]
V  [jvm.dll+0x70a4a0]
V  [jvm.dll+0x3b415f]
V  [jvm.dll+0x3b6201]
C  [jli.dll+0x520b]
C  [ucrtbase.dll+0x21bb2]
C  [KERNEL32.DLL+0x17344]
C  [ntdll.dll+0x526b1]


---------------  P R O C E S S  ---------------

Threads class SMR info:
_java_thread_list=0x000002237f1e0360, length=0, elements={
}

Java Threads: ( => current thread )

Other Threads:

[error occurred during error reporting (printing all threads), id 0xc0000005, EXCEPTION_ACCESS_VIOLATION (0xc0000005) at pc=0x00007ffbaadef51d]

VM state:not at safepoint (not fully initialized)

VM Mutex/Monitor currently owned by a thread: None


[error occurred during error reporting (printing compressed oops mode), id 0xc0000005, EXCEPTION_ACCESS_VIOLATION (0xc0000005) at pc=0x00007ffbaae05817]

GC Heap History (0 events):
No events

Deoptimization events (0 events):
No events

Classes redefined (0 events):
No events

Internal exceptions (0 events):
No events

Events (0 events):
No events


Dynamic libraries:
0x00007ff6bd250000 - 0x00007ff6bd25f000 	C:\Program Files\Java\jdk-11.0.9\bin\java.exe
0x00007ffbd6470000 - 0x00007ffbd6668000 	C:\Windows\SYSTEM32\ntdll.dll
0x00007ffbd5540000 - 0x00007ffbd55fd000 	C:\Windows\System32\KERNEL32.DLL
0x00007ffbd3dc0000 - 0x00007ffbd40b6000 	C:\Windows\System32\KERNELBASE.dll
0x00007ffbd3ba0000 - 0x00007ffbd3ca0000 	C:\Windows\System32\ucrtbase.dll
0x00007ffbab740000 - 0x00007ffbab758000 	C:\Program Files\Java\jdk-11.0.9\bin\jli.dll
0x00007ffbab720000 - 0x00007ffbab735000 	C:\Program Files\Java\jdk-11.0.9\bin\VCRUNTIME140.dll
0x00007ffbd5090000 - 0x00007ffbd5143000 	C:\Windows\System32\ADVAPI32.dll
0x00007ffbd4b20000 - 0x00007ffbd4bbe000 	C:\Windows\System32\msvcrt.dll
0x00007ffbd4e40000 - 0x00007ffbd4edf000 	C:\Windows\System32\sechost.dll
0x00007ffbd5330000 - 0x00007ffbd5456000 	C:\Windows\System32\RPCRT4.dll
0x00007ffbd40c0000 - 0x00007ffbd40e7000 	C:\Windows\System32\bcrypt.dll
0x00007ffbd6230000 - 0x00007ffbd63ce000 	C:\Windows\System32\USER32.dll
0x00007ffbd40f0000 - 0x00007ffbd4112000 	C:\Windows\System32\win32u.dll
0x00007ffbbc500000 - 0x00007ffbbc79a000 	C:\Windows\WinSxS\amd64_microsoft.windows.common-controls_6595b64144ccf1df_6.0.19041.3636_none_60b6a03d71f818d5\COMCTL32.dll
0x00007ffbd5a90000 - 0x00007ffbd5abb000 	C:\Windows\System32\GDI32.dll
0x00007ffbd3ca0000 - 0x00007ffbd3db7000 	C:\Windows\System32\gdi32full.dll
0x00007ffbd42b0000 - 0x00007ffbd434d000 	C:\Windows\System32\msvcp_win.dll
0x00007ffbbe110000 - 0x00007ffbbe11a000 	C:\Windows\SYSTEM32\VERSION.dll
0x00007ffbd4f80000 - 0x00007ffbd4fb2000 	C:\Windows\System32\IMM32.DLL
0x000002237f780000 - 0x000002237f794000 	C:\Windows\System32\umppc17706.dll
0x00007ffbd33f0000 - 0x00007ffbd3518000 	C:\Program Files\Avecto\Privilege Guard Client\PGHook.dll
0x00007ffbd5ac0000 - 0x00007ffbd6205000 	C:\Windows\System32\shell32.dll
0x00007ffbd33d0000 - 0x00007ffbd33e8000 	C:\Windows\SYSTEM32\CRYPTSP.dll
0x00007ffbd3390000 - 0x00007ffbd33c4000 	C:\Windows\system32\rsaenh.dll
0x00007ffbd3360000 - 0x00007ffbd336c000 	C:\Windows\SYSTEM32\CRYPTBASE.dll
0x00007ffbd41d0000 - 0x00007ffbd4252000 	C:\Windows\System32\bcryptPrimitives.dll
0x00000000724f0000 - 0x0000000072562000 	C:\Windows\System32\QIPCAP64.dll
0x00007ffbd2d70000 - 0x00007ffbd2e3b000 	C:\Windows\SYSTEM32\DNSAPI.dll
0x00007ffbd2d30000 - 0x00007ffbd2d6b000 	C:\Windows\SYSTEM32\IPHLPAPI.DLL
0x00007ffbd4f70000 - 0x00007ffbd4f78000 	C:\Windows\System32\NSI.dll
0x00007ffbab680000 - 0x00007ffbab71b000 	C:\Program Files\Java\jdk-11.0.9\bin\msvcp140.dll
0x00007ffbaa6e0000 - 0x00007ffbab1d7000 	C:\Program Files\Java\jdk-11.0.9\bin\server\jvm.dll
0x00007ffbd4fc0000 - 0x00007ffbd4fc8000 	C:\Windows\System32\PSAPI.DLL
0x00007ffbb01b0000 - 0x00007ffbb01b9000 	C:\Windows\SYSTEM32\WSOCK32.dll
0x00007ffbd4c20000 - 0x00007ffbd4c8b000 	C:\Windows\System32\WS2_32.dll
0x00007ffbb7850000 - 0x00007ffbb7877000 	C:\Windows\SYSTEM32\WINMM.dll
0x00007ffbd2020000 - 0x00007ffbd2032000 	C:\Windows\SYSTEM32\kernel.appcore.dll
0x00007ffbacf30000 - 0x00007ffbacf40000 	C:\Program Files\Java\jdk-11.0.9\bin\verify.dll
0x00007ffbd1cc0000 - 0x00007ffbd1ea4000 	C:\Windows\SYSTEM32\DBGHELP.DLL
0x00007ffbb8cc0000 - 0x00007ffbb8cf4000 	C:\Windows\SYSTEM32\dbgcore.DLL
0x00007ffbab5a0000 - 0x00007ffbab5c8000 	C:\Program Files\Java\jdk-11.0.9\bin\java.dll
0x00007ffbab590000 - 0x00007ffbab59a000 	C:\Program Files\Java\jdk-11.0.9\bin\jimage.dll
0x00007ffbc17b0000 - 0x00007ffbc17be000 	C:\Program Files\Java\jdk-11.0.9\bin\instrument.dll
0x00007ffbab570000 - 0x00007ffbab586000 	C:\Program Files\Java\jdk-11.0.9\bin\zip.dll

dbghelp: loaded successfully - version: 4.0.5 - missing functions: none
symbol engine: initialized successfully - sym options: 0x614 - pdb path: .;C:\Program Files\Java\jdk-11.0.9\bin;C:\Windows\SYSTEM32;C:\Windows\WinSxS\amd64_microsoft.windows.common-controls_6595b64144ccf1df_6.0.19041.3636_none_60b6a03d71f818d5;C:\Program Files\Avecto\Privilege Guard Client;C:\Program Files\Java\jdk-11.0.9\bin\server

VM Arguments:
jvm_args: -Dmaven.multiModuleProjectDirectory=C:\NewWorkSpace\LnWAssessment -Djansi.passthrough=true -Dmaven.home=C:\Program Files\JetBrains\IntelliJ IDEA Community Edition 2023.2.1\plugins\maven\lib\maven3 -Dclassworlds.conf=C:\Program Files\JetBrains\IntelliJ IDEA Community Edition 2023.2.1\plugins\maven\lib\maven3\bin\m2.conf -Dmaven.ext.class.path=C:\Program Files\JetBrains\IntelliJ IDEA Community Edition 2023.2.1\plugins\maven\lib\maven-event-listener.jar -javaagent:C:\Program Files\JetBrains\IntelliJ IDEA Community Edition 2023.2.1\lib\idea_rt.jar=52089:C:\Program Files\JetBrains\IntelliJ IDEA Community Edition 2023.2.1\bin -Dfile.encoding=UTF-8 
java_command: org.codehaus.classworlds.Launcher -Didea.version=2023.2.1 install
java_class_path (initial): C:\Program Files\JetBrains\IntelliJ IDEA Community Edition 2023.2.1\plugins\maven\lib\maven3\boot\plexus-classworlds-2.7.0.jar;C:\Program Files\JetBrains\IntelliJ IDEA Community Edition 2023.2.1\plugins\maven\lib\maven3\boot\plexus-classworlds.license
Launcher Type: SUN_STANDARD

[Global flags]
     intx CICompilerCount                          = 4                                         {product} {ergonomic}
     uint G1ConcRefinementThreads                  = 8                                         {product} {ergonomic}
   size_t G1HeapRegionSize                         = 1048576                                   {product} {ergonomic}
    uintx GCDrainStackTargetSize                   = 64                                        {product} {ergonomic}
   size_t InitialHeapSize                          = 264241152                                 {product} {ergonomic}
   size_t MaxHeapSize                              = 4223664128                                {product} {ergonomic}
   size_t MinHeapDeltaBytes                        = 1048576                                   {product} {ergonomic}
    uintx NonNMethodCodeHeapSize                   = 5836300                                {pd product} {ergonomic}
    uintx NonProfiledCodeHeapSize                  = 122910970                              {pd product} {ergonomic}
    uintx ProfiledCodeHeapSize                     = 122910970                              {pd product} {ergonomic}
    uintx ReservedCodeCacheSize                    = 251658240                              {pd product} {ergonomic}
     bool SegmentedCodeCache                       = true                                      {product} {ergonomic}
     bool UseCompressedClassPointers               = true                                 {lp64_product} {ergonomic}
     bool UseCompressedOops                        = true                                 {lp64_product} {ergonomic}
     bool UseG1GC                                  = true                                      {product} {ergonomic}
     bool UseLargePagesIndividualAllocation        = false                                  {pd product} {ergonomic}

Logging:
Log output configuration:
 #0: stdout all=warning uptime,level,tags
 #1: stderr all=off uptime,level,tags

Environment Variables:
JAVA_HOME=C:\Program Files\Java\jdk-11.0.9
PATH=C:\Program Files\Common Files\Oracle\Java\javapath;C:\Windows\system32;C:\Windows;C:\Windows\System32\Wbem;C:\Windows\System32\WindowsPowerShell\v1.0\;C:\Windows\System32\OpenSSH\;C:\Program Files (x86)\Windows Imaging\;C:\Program Files\TortoiseGit\bin;C:\Program Files\apache-maven-3.6.0-bin\apache-maven-3.6.0\bin;C:\Program Files\Java\jdk-11.0.9\bin;C:\Program Files\dotnet\;C:\Program Files\nodejs\;C:\Program Files\PuTTY\;C:\Program Files\MySQL\MySQL Shell 8.0\bin\;C:\Users\umesh.ananda\AppData\Local\Microsoft\WindowsApps;C:\Program Files\JetBrains\IntelliJ IDEA Community Edition 2023.2.1\bin;;C:\Users\umesh.ananda\AppData\Local\Programs\Git\cmd;C:\Program Files (x86)\BrowserStackLocal\;C:\Users\umesh.ananda\AppData\Roaming\npm
USERNAME=umesh.ananda
OS=Windows_NT
PROCESSOR_IDENTIFIER=Intel64 Family 6 Model 140 Stepping 1, GenuineIntel



---------------  S Y S T E M  ---------------

OS: Windows 10 , 64 bit Build 19041 (10.0.19041.3636)
HyperV virtualization detected

CPU:total 8 (initial active 8) (4 cores per cpu, 2 threads per core) family 6 model 140 stepping 1, cmov, cx8, fxsr, mmx, sse, sse2, sse3, ssse3, sse4.1, sse4.2, popcnt, avx, avx2, aes, clmul, erms, 3dnowpref, lzcnt, ht, tsc, tscinvbit, bmi1, bmi2, adx, evex, sha, fma

Memory: 4k page, system-wide physical 16106M (310M free)
TotalPageFile size 65258M (AvailPageFile size 5M)
current process WorkingSet (physical memory assigned to process): 11M, peak: 11M
current process commit charge ("private bytes"): 13M, peak: 14M

vm_info: Java HotSpot(TM) 64-Bit Server VM (11.0.9+7-LTS) for windows-amd64 JRE (11.0.9+7-LTS), built on Sep 15 2020 16:47:03 by "mach5one" with MS VC++ 15.9 (VS2017)

END.
