#
# There is insufficient memory for the Java Runtime Environment to continue.
# Native memory allocation (mmap) failed to map 264241152 bytes for Failed to commit area from 0x0000000704400000 to 0x0000000714000000 of length 264241152.
# Possible reasons:
#   The system is out of physical RAM or swap space
#   The process is running with CompressedOops enabled, and the Java Heap may be blocking the growth of the native heap
# Possible solutions:
#   Reduce memory load on the system
#   Increase physical memory or swap space
#   Check if swap backing store is full
#   Decrease Java heap size (-Xmx/-Xms)
#   Decrease number of Java threads
#   Decrease Java thread stack sizes (-Xss)
#   Set larger code cache with -XX:ReservedCodeCacheSize=
# This output file may be truncated or incomplete.
#
#  Out of Memory Error (./open/src/hotspot/os/windows/os_windows.cpp:3275), pid=13220, tid=15696
#
# JRE version:  (11.0.9+7) (build )
# Java VM: Java HotSpot(TM) 64-Bit Server VM (11.0.9+7-LTS, mixed mode, sharing, tiered, compressed oops, g1 gc, windows-amd64)
# No core dump will be written. Minidumps are not enabled by default on client versions of Windows
#

---------------  S U M M A R Y ------------

Command Line: -Dorg.jetbrains.run.directory=C:\NewWorkSpace\LnWAssessment\src\test\java\features -javaagent:C:\Program Files\JetBrains\IntelliJ IDEA Community Edition 2023.2.1\lib\idea_rt.jar=51333:C:\Program Files\JetBrains\IntelliJ IDEA Community Edition 2023.2.1\bin -Dfile.encoding=UTF-8 io.cucumber.core.cli.Main --plugin org.jetbrains.plugins.cucumber.java.run.CucumberJvm5SMFormatter --name ^Open Amazon\.com \| Adding a \“Monitor\” Item in Cart \| verifying sub total$ C:/NewWorkSpace/LnWAssessment/src/test/java/features/amazon.feature

Host: 11th Gen Intel(R) Core(TM) i7-1185G7 @ 3.00GHz, 8 cores, 15G,  Windows 10 , 64 bit Build 19041 (10.0.19041.3636)
Time: Tue Mar 12 11:03:59 2024 India Standard Time elapsed time: 0.062073 seconds (0d 0h 0m 0s)

---------------  T H R E A D  ---------------

Current thread (0x00000226c8264000):  JavaThread "Unknown thread" [_thread_in_vm, id=15696, stack(0x000000505cc00000,0x000000505cd00000)]

Stack: [0x000000505cc00000,0x000000505cd00000]
Native frames: (J=compiled Java code, j=interpreted, Vv=VM code, C=native code)
V  [jvm.dll+0x611a3a]
V  [jvm.dll+0x748aaf]
V  [jvm.dll+0x74a135]
V  [jvm.dll+0x74a7b3]
V  [jvm.dll+0x2439f8]
V  [jvm.dll+0x60eeda]
V  [jvm.dll+0x603de5]
V  [jvm.dll+0x2f785c]
V  [jvm.dll+0x2f76e2]
V  [jvm.dll+0x2fc396]
V  [jvm.dll+0x33e1df]
V  [jvm.dll+0x33dc10]
V  [jvm.dll+0x2d5aa8]
V  [jvm.dll+0x2d6c06]
V  [jvm.dll+0x724927]
V  [jvm.dll+0x7261cf]
V  [jvm.dll+0x34af59]
V  [jvm.dll+0x70a4a0]
V  [jvm.dll+0x3b415f]
V  [jvm.dll+0x3b6201]
C  [jli.dll+0x520b]
C  [ucrtbase.dll+0x21bb2]
C  [KERNEL32.DLL+0x17344]
C  [ntdll.dll+0x526b1]


---------------  P R O C E S S  ---------------

Threads class SMR info:
_java_thread_list=0x00000226c5af7080, length=0, elements={
}

Java Threads: ( => current thread )

Other Threads:
  0x00000226c8277800 GCTaskThread "GC Thread#0" [stack: 0x000000505cd00000,0x000000505ce00000] [id=22612]
  0x00000226e9038000 ConcurrentGCThread "G1 Main Marker" [stack: 0x000000505ce00000,0x000000505cf00000] [id=15864]
  0x00000226c82cc000 ConcurrentGCThread "G1 Conc#0" [stack: 0x000000505cf00000,0x000000505d000000] [id=27492]

[error occurred during error reporting (printing all threads), id 0xc0000005, EXCEPTION_ACCESS_VIOLATION (0xc0000005) at pc=0x00007ffbaa9c42a7]

VM state:not at safepoint (not fully initialized)

VM Mutex/Monitor currently owned by a thread:  ([mutex/lock_event])
[0x00000226c825f6f0] Heap_lock - owner thread: 0x00000226c8264000

Heap address: 0x0000000704400000, size: 4028 MB, Compressed Oops mode: Non-zero based: 0x0000000704400000
Narrow klass base: 0x0000000000000000, Narrow klass shift: 0

GC Heap History (0 events):
No events

Deoptimization events (0 events):
No events

Classes redefined (0 events):
No events

Internal exceptions (0 events):
No events

Events (0 events):
No events


Dynamic libraries:
0x00007ff6bd250000 - 0x00007ff6bd25f000 	C:\Program Files\Java\jdk-11.0.9\bin\java.exe
0x00007ffbd6470000 - 0x00007ffbd6668000 	C:\Windows\SYSTEM32\ntdll.dll
0x00007ffbd5540000 - 0x00007ffbd55fd000 	C:\Windows\System32\KERNEL32.DLL
0x00007ffbd3dc0000 - 0x00007ffbd40b6000 	C:\Windows\System32\KERNELBASE.dll
0x00007ffbd3ba0000 - 0x00007ffbd3ca0000 	C:\Windows\System32\ucrtbase.dll
0x00007ffbab740000 - 0x00007ffbab758000 	C:\Program Files\Java\jdk-11.0.9\bin\jli.dll
0x00007ffbab720000 - 0x00007ffbab735000 	C:\Program Files\Java\jdk-11.0.9\bin\VCRUNTIME140.dll
0x00007ffbd5090000 - 0x00007ffbd5143000 	C:\Windows\System32\ADVAPI32.dll
0x00007ffbd4b20000 - 0x00007ffbd4bbe000 	C:\Windows\System32\msvcrt.dll
0x00007ffbd4e40000 - 0x00007ffbd4edf000 	C:\Windows\System32\sechost.dll
0x00007ffbd5330000 - 0x00007ffbd5456000 	C:\Windows\System32\RPCRT4.dll
0x00007ffbd40c0000 - 0x00007ffbd40e7000 	C:\Windows\System32\bcrypt.dll
0x00007ffbd6230000 - 0x00007ffbd63ce000 	C:\Windows\System32\USER32.dll
0x00007ffbd40f0000 - 0x00007ffbd4112000 	C:\Windows\System32\win32u.dll
0x00007ffbbc500000 - 0x00007ffbbc79a000 	C:\Windows\WinSxS\amd64_microsoft.windows.common-controls_6595b64144ccf1df_6.0.19041.3636_none_60b6a03d71f818d5\COMCTL32.dll
0x00007ffbd5a90000 - 0x00007ffbd5abb000 	C:\Windows\System32\GDI32.dll
0x00007ffbd3ca0000 - 0x00007ffbd3db7000 	C:\Windows\System32\gdi32full.dll
0x00007ffbd42b0000 - 0x00007ffbd434d000 	C:\Windows\System32\msvcp_win.dll
0x00007ffbbe110000 - 0x00007ffbbe11a000 	C:\Windows\SYSTEM32\VERSION.dll
0x00007ffbd4f80000 - 0x00007ffbd4fb2000 	C:\Windows\System32\IMM32.DLL
0x00000226c5d40000 - 0x00000226c5d54000 	C:\Windows\System32\umppc17706.dll
0x00007ffbd33f0000 - 0x00007ffbd3518000 	C:\Program Files\Avecto\Privilege Guard Client\PGHook.dll
0x00007ffbd5ac0000 - 0x00007ffbd6205000 	C:\Windows\System32\shell32.dll
0x00007ffbd33d0000 - 0x00007ffbd33e8000 	C:\Windows\SYSTEM32\CRYPTSP.dll
0x00007ffbd3390000 - 0x00007ffbd33c4000 	C:\Windows\system32\rsaenh.dll
0x00007ffbd3360000 - 0x00007ffbd336c000 	C:\Windows\SYSTEM32\CRYPTBASE.dll
0x00007ffbd41d0000 - 0x00007ffbd4252000 	C:\Windows\System32\bcryptPrimitives.dll
0x00000000724f0000 - 0x0000000072562000 	C:\Windows\System32\QIPCAP64.dll
0x00007ffbd2d70000 - 0x00007ffbd2e3b000 	C:\Windows\SYSTEM32\DNSAPI.dll
0x00007ffbd2d30000 - 0x00007ffbd2d6b000 	C:\Windows\SYSTEM32\IPHLPAPI.DLL
0x00007ffbd4f70000 - 0x00007ffbd4f78000 	C:\Windows\System32\NSI.dll
0x00007ffbab680000 - 0x00007ffbab71b000 	C:\Program Files\Java\jdk-11.0.9\bin\msvcp140.dll
0x00007ffbaa6e0000 - 0x00007ffbab1d7000 	C:\Program Files\Java\jdk-11.0.9\bin\server\jvm.dll
0x00007ffbd4fc0000 - 0x00007ffbd4fc8000 	C:\Windows\System32\PSAPI.DLL
0x00007ffbb01b0000 - 0x00007ffbb01b9000 	C:\Windows\SYSTEM32\WSOCK32.dll
0x00007ffbd4c20000 - 0x00007ffbd4c8b000 	C:\Windows\System32\WS2_32.dll
0x00007ffbb7850000 - 0x00007ffbb7877000 	C:\Windows\SYSTEM32\WINMM.dll
0x00007ffbd2020000 - 0x00007ffbd2032000 	C:\Windows\SYSTEM32\kernel.appcore.dll
0x00007ffbacf30000 - 0x00007ffbacf40000 	C:\Program Files\Java\jdk-11.0.9\bin\verify.dll
0x00007ffbd1cc0000 - 0x00007ffbd1ea4000 	C:\Windows\SYSTEM32\DBGHELP.DLL
0x00007ffbb8cc0000 - 0x00007ffbb8cf4000 	C:\Windows\SYSTEM32\dbgcore.DLL
0x00007ffbab5a0000 - 0x00007ffbab5c8000 	C:\Program Files\Java\jdk-11.0.9\bin\java.dll
0x00007ffbab590000 - 0x00007ffbab59a000 	C:\Program Files\Java\jdk-11.0.9\bin\jimage.dll
0x00007ffbbd2d0000 - 0x00007ffbbd2de000 	C:\Program Files\Java\jdk-11.0.9\bin\instrument.dll
0x00007ffbab570000 - 0x00007ffbab586000 	C:\Program Files\Java\jdk-11.0.9\bin\zip.dll

dbghelp: loaded successfully - version: 4.0.5 - missing functions: none
symbol engine: initialized successfully - sym options: 0x614 - pdb path: .;C:\Program Files\Java\jdk-11.0.9\bin;C:\Windows\SYSTEM32;C:\Windows\WinSxS\amd64_microsoft.windows.common-controls_6595b64144ccf1df_6.0.19041.3636_none_60b6a03d71f818d5;C:\Program Files\Avecto\Privilege Guard Client;C:\Program Files\Java\jdk-11.0.9\bin\server

VM Arguments:
jvm_args: -Dorg.jetbrains.run.directory=C:\NewWorkSpace\LnWAssessment\src\test\java\features -javaagent:C:\Program Files\JetBrains\IntelliJ IDEA Community Edition 2023.2.1\lib\idea_rt.jar=51333:C:\Program Files\JetBrains\IntelliJ IDEA Community Edition 2023.2.1\bin -Dfile.encoding=UTF-8 
java_command: io.cucumber.core.cli.Main --plugin org.jetbrains.plugins.cucumber.java.run.CucumberJvm5SMFormatter --name ^Open Amazon\.com \| Adding a \“Monitor\” Item in Cart \| verifying sub total$ C:/NewWorkSpace/LnWAssessment/src/test/java/features/amazon.feature
java_class_path (initial): C:\NewWorkSpace\LnWAssessment\target\test-classes;C:\Users\umesh.ananda\.m2\repository\com\fasterxml\jackson\core\jackson-annotations\2.13.0\jackson-annotations-2.13.0.jar;C:\Users\umesh.ananda\.m2\repository\com\fasterxml\jackson\core\jackson-core\2.13.0\jackson-core-2.13.0.jar;C:\Users\umesh.ananda\.m2\repository\org\seleniumhq\selenium\selenium-java\4.11.0\selenium-java-4.11.0.jar;C:\Users\umesh.ananda\.m2\repository\org\seleniumhq\selenium\selenium-api\4.11.0\selenium-api-4.11.0.jar;C:\Users\umesh.ananda\.m2\repository\org\seleniumhq\selenium\selenium-chrome-driver\4.11.0\selenium-chrome-driver-4.11.0.jar;C:\Users\umesh.ananda\.m2\repository\com\google\auto\service\auto-service-annotations\1.0.1\auto-service-annotations-1.0.1.jar;C:\Users\umesh.ananda\.m2\repository\com\google\guava\guava\31.1-jre\guava-31.1-jre.jar;C:\Users\umesh.ananda\.m2\repository\com\google\guava\failureaccess\1.0.1\failureaccess-1.0.1.jar;C:\Users\umesh.ananda\.m2\repository\com\google\guava\listenablefuture\9999.0-empty-to-avoid-conflict-with-guava\listenablefuture-9999.0-empty-to-avoid-conflict-with-guava.jar;C:\Users\umesh.ananda\.m2\repository\com\google\code\findbugs\jsr305\3.0.2\jsr305-3.0.2.jar;C:\Users\umesh.ananda\.m2\repository\com\google\errorprone\error_prone_annotations\2.11.0\error_prone_annotations-2.11.0.jar;C:\Users\umesh.ananda\.m2\repository\com\google\j2objc\j2objc-annotations\1.3\j2objc-annotations-1.3.jar;C:\Users\umesh.ananda\.m2\repository\org\seleniumhq\selenium\selenium-chromium-driver\4.11.0\selenium-chromium-driver-4.11.0.jar;C:\Users\umesh.ananda\.m2\repository\org\seleniumhq\selenium\selenium-json\4.11.0\selenium-json-4.11.0.jar;C:\Users\umesh.ananda\.m2\repository\org\seleniumhq\selenium\selenium-manager\4.11.0\selenium-manager-4.11.0.jar;C:\Users\umesh.ananda\.m2\repository\org\seleniumhq\selenium\selenium-devtools-v113\4.11.0\selenium-devtools-v113-4.11.0.jar;C:\Users\umesh.ananda\.m2\repository\org\seleniumhq\selenium\selenium
Launcher Type: SUN_STANDARD

[Global flags]
     intx CICompilerCount                          = 4                                         {product} {ergonomic}
     uint ConcGCThreads                            = 2                                         {product} {ergonomic}
     uint G1ConcRefinementThreads                  = 8                                         {product} {ergonomic}
   size_t G1HeapRegionSize                         = 1048576                                   {product} {ergonomic}
    uintx GCDrainStackTargetSize                   = 64                                        {product} {ergonomic}
   size_t InitialHeapSize                          = 264241152                                 {product} {ergonomic}
   size_t MarkStackSize                            = 4194304                                   {product} {ergonomic}
   size_t MaxHeapSize                              = 4223664128                                {product} {ergonomic}
   size_t MinHeapDeltaBytes                        = 1048576                                   {product} {ergonomic}
    uintx NonNMethodCodeHeapSize                   = 5836300                                {pd product} {ergonomic}
    uintx NonProfiledCodeHeapSize                  = 122910970                              {pd product} {ergonomic}
    uintx ProfiledCodeHeapSize                     = 122910970                              {pd product} {ergonomic}
    uintx ReservedCodeCacheSize                    = 251658240                              {pd product} {ergonomic}
     bool SegmentedCodeCache                       = true                                      {product} {ergonomic}
     bool UseCompressedClassPointers               = true                                 {lp64_product} {ergonomic}
     bool UseCompressedOops                        = true                                 {lp64_product} {ergonomic}
     bool UseG1GC                                  = true                                      {product} {ergonomic}
     bool UseLargePagesIndividualAllocation        = false                                  {pd product} {ergonomic}

Logging:
Log output configuration:
 #0: stdout all=warning uptime,level,tags
 #1: stderr all=off uptime,level,tags

Environment Variables:
JAVA_HOME=C:\Program Files\Java\jdk-11.0.9
PATH=C:\Program Files\Common Files\Oracle\Java\javapath;C:\Windows\system32;C:\Windows;C:\Windows\System32\Wbem;C:\Windows\System32\WindowsPowerShell\v1.0\;C:\Windows\System32\OpenSSH\;C:\Program Files (x86)\Windows Imaging\;C:\Program Files\TortoiseGit\bin;C:\Program Files\apache-maven-3.6.0-bin\apache-maven-3.6.0\bin;C:\Program Files\Java\jdk-11.0.9\bin;C:\Program Files\dotnet\;C:\Program Files\nodejs\;C:\Program Files\PuTTY\;C:\Program Files\MySQL\MySQL Shell 8.0\bin\;C:\Users\umesh.ananda\AppData\Local\Microsoft\WindowsApps;C:\Program Files\JetBrains\IntelliJ IDEA Community Edition 2023.2.1\bin;;C:\Users\umesh.ananda\AppData\Local\Programs\Git\cmd;C:\Program Files (x86)\BrowserStackLocal\;C:\Users\umesh.ananda\AppData\Roaming\npm
USERNAME=umesh.ananda
OS=Windows_NT
PROCESSOR_IDENTIFIER=Intel64 Family 6 Model 140 Stepping 1, GenuineIntel



---------------  S Y S T E M  ---------------

OS: Windows 10 , 64 bit Build 19041 (10.0.19041.3636)
HyperV virtualization detected

CPU:total 8 (initial active 8) (4 cores per cpu, 2 threads per core) family 6 model 140 stepping 1, cmov, cx8, fxsr, mmx, sse, sse2, sse3, ssse3, sse4.1, sse4.2, popcnt, avx, avx2, aes, clmul, erms, 3dnowpref, lzcnt, ht, tsc, tscinvbit, bmi1, bmi2, adx, evex, sha, fma

Memory: 4k page, system-wide physical 16106M (314M free)
TotalPageFile size 65258M (AvailPageFile size 224M)
current process WorkingSet (physical memory assigned to process): 12M, peak: 12M
current process commit charge ("private bytes"): 62M, peak: 313M

vm_info: Java HotSpot(TM) 64-Bit Server VM (11.0.9+7-LTS) for windows-amd64 JRE (11.0.9+7-LTS), built on Sep 15 2020 16:47:03 by "mach5one" with MS VC++ 15.9 (VS2017)

END.
